<?xml version="1.0" encoding="UTF-8"?>
<!-- Generated by org.testng.reporters.JUnitXMLReporter -->
<testsuite ignored="0" hostname="INLEN8520057570" failures="0" tests="10" name="Car Loan" time="0.097" errors="0" timestamp="2024-05-11T12:05:44 IST">
  <testcase classname="Test.CarLoan" name="LoginAPICarLoan" time="0.006"/>
  <testcase classname="Test.CarLoan" name="MobileLoginCarLoan" time="0.002"/>
  <testcase classname="Test.CarLoan" name="WebLoginCarLoan" time="0.003"/>
  <testcase classname="Test.HomeLoan" name="LoginAPIHomeLoan" time="0.001"/>
  <testcase classname="Test.HomeLoan" name="MobileLoginHomeLoan" time="0.003"/>
  <testcase classname="Test.HomeLoan" name="MobileLoginHomeLoan" time="0.004"/>
  <testcase classname="Test.HomeLoan" name="MobileLoginHomeLoan" time="0.002"/>
  <testcase classname="Test.HomeLoan" name="WebLoginHomeLoan" time="0.001"/>
  <testcase classname="Test.TestNGDemo1" name="Demo" time="0.001"/>
  <testcase classname="Test.TestNGDemo1" name="Demo1" time="0.001"/>
</testsuite> <!-- Car Loan -->
