<?xml version="1.0" encoding="UTF-8"?>
<!-- Generated by org.testng.reporters.JUnitXMLReporter -->
<testsuite ignored="0" hostname="INLEN8520057570" failures="0" tests="5" name="Home Loan" time="0.019" errors="0" timestamp="2024-05-11T11:44:52 IST">
  <testcase classname="Test.HomeLoan" name="LoginAPIHomeLoan" time="0.001"/>
  <testcase classname="Test.HomeLoan" name="MobileLoginHomeLoan" time="0.001"/>
  <testcase classname="Test.HomeLoan" name="MobileLoginHomeLoan" time="0.001"/>
  <testcase classname="Test.HomeLoan" name="MobileLoginHomeLoan" time="0.002"/>
  <testcase classname="Test.HomeLoan" name="WebLoginHomeLoan" time="0.001"/>
</testsuite> <!-- Home Loan -->
