<?xml version="1.0" encoding="UTF-8"?>
<!-- Generated by org.testng.reporters.JUnitXMLReporter -->
<testsuite ignored="5" hostname="INLEN8520057570" failures="0" tests="3" name="RegressionSuit" time="0.059" errors="0" timestamp="2024-05-11T11:15:06 IST">
  <testcase classname="Test.CarLoan" name="LoginAPICarLoan" time="0.008"/>
  <testcase classname="Test.HomeLoan" name="WebLoginHomeLoan" time="0.001"/>
  <testcase classname="Test.TestNGDemo1" name="Demo1" time="0.002"/>
  <testcase classname="Test.CarLoan" name="MobileLoginCarLoan" time="0.0">
    <ignored/>
  </testcase> <!-- MobileLoginCarLoan -->
  <testcase classname="Test.HomeLoan" name="LoginAPIHomeLoan" time="0.0">
    <ignored/>
  </testcase> <!-- LoginAPIHomeLoan -->
  <testcase classname="Test.HomeLoan" name="MobileLoginHomeLoan" time="0.0">
    <ignored/>
  </testcase> <!-- MobileLoginHomeLoan -->
  <testcase classname="Test.TestNGDemo1" name="Demo" time="0.0">
    <ignored/>
  </testcase> <!-- Demo -->
  <testcase classname="Test.CarLoan" name="WebLoginCarLoan" time="0.0">
    <ignored/>
  </testcase> <!-- WebLoginCarLoan -->
</testsuite> <!-- RegressionSuit -->
