<?xml version="1.0" encoding="UTF-8"?>
<testng-results ignored="0" total="1" passed="1" failed="0" skipped="0">
  <reporter-output>
  </reporter-output>
  <suite started-at="2024-05-17T19:45:44 IST" name="Default suite" finished-at="2024-05-17T19:45:44 IST" duration-ms="40">
    <groups>
    </groups>
    <test started-at="2024-05-17T19:45:44 IST" name="Default test" finished-at="2024-05-17T19:45:44 IST" duration-ms="40">
      <class name="javafunctions.PS1">
        <test-method is-config="true" signature="firstMethod()[pri:0, instance:javafunctions.PS1@58d75e99]" started-at="2024-05-17T19:45:44 IST" name="firstMethod" finished-at="2024-05-17T19:45:44 IST" duration-ms="5" status="PASS">
          <reporter-output>
          </reporter-output>
        </test-method> <!-- firstMethod -->
        <test-method signature="testRun()[pri:0, instance:javafunctions.PS1@58d75e99]" started-at="2024-05-17T19:45:44 IST" name="testRun" finished-at="2024-05-17T19:45:44 IST" duration-ms="7" status="PASS">
          <reporter-output>
          </reporter-output>
        </test-method> <!-- testRun -->
      </class> <!-- javafunctions.PS1 -->
    </test> <!-- Default test -->
  </suite> <!-- Default suite -->
</testng-results>
